[debug] [2026-05-15T18:56:35.368Z] ----------------------------------------------------------------------
[debug] [2026-05-15T18:56:35.371Z] Command:       /home/user/.nvm/versions/node/v24.14.0/bin/node /home/user/.nvm/versions/node/v24.14.0/bin/firebase init hosting
[debug] [2026-05-15T18:56:35.372Z] CLI Version:   15.18.0
[debug] [2026-05-15T18:56:35.372Z] Platform:      linux
[debug] [2026-05-15T18:56:35.372Z] Node Version:  v24.14.0
[debug] [2026-05-15T18:56:35.372Z] Time:          Fri May 15 2026 21:56:35 GMT+0300 (East Africa Time)
[debug] [2026-05-15T18:56:35.373Z] ----------------------------------------------------------------------
[debug] 
[info] 
     ######## #### ########  ######## ########     ###     ######  ########
     ##        ##  ##     ## ##       ##     ##  ##   ##  ##       ##
     ######    ##  ########  ######   ########  #########  ######  ######
     ##        ##  ##    ##  ##       ##     ## ##     ##       ## ##
     ##       #### ##     ## ######## ########  ##     ##  ######  ########

You're about to initialize a Firebase project in this directory:

  /home/user/Documents/CampusConnectApp/CampusConnect

[info] 
=== Project Setup
[info] 
[info] First, let's associate this project directory with a Firebase project.
[info] You can create multiple project aliases by running firebase use --add, 
[info] 
[debug] [2026-05-15T18:56:36.562Z] > command requires scopes: ["email","openid","https://www.googleapis.com/auth/cloudplatformprojects.readonly","https://www.googleapis.com/auth/firebase","https://www.googleapis.com/auth/cloud-platform"]
[debug] [2026-05-15T18:56:36.562Z] > authorizing via signed-in user (marketexpressmedia@gmail.com)
[debug] [2026-05-15T18:56:36.564Z] Checked if tokens are valid: false, expires at: 1778675697858
[debug] [2026-05-15T18:56:36.564Z] Checked if tokens are valid: false, expires at: 1778675697858
[debug] [2026-05-15T18:56:36.565Z] > refreshing access token with scopes: []
[debug] [2026-05-15T18:56:36.568Z] >>> [apiv2][query] POST https://www.googleapis.com/oauth2/v3/token [none]
[debug] [2026-05-15T18:56:36.568Z] >>> [apiv2][body] POST https://www.googleapis.com/oauth2/v3/token [omitted]
[debug] [2026-05-15T18:56:37.644Z] <<< [apiv2][status] POST https://www.googleapis.com/oauth2/v3/token 200
[debug] [2026-05-15T18:56:37.645Z] <<< [apiv2][body] POST https://www.googleapis.com/oauth2/v3/token [omitted]
[debug] [2026-05-15T18:56:37.669Z] >>> [apiv2][query] GET https://firebase.googleapis.com/v1beta1/projects/spa-portfolio-b5831 [none]
[debug] [2026-05-15T18:56:38.458Z] <<< [apiv2][status] GET https://firebase.googleapis.com/v1beta1/projects/spa-portfolio-b5831 200
[debug] [2026-05-15T18:56:38.458Z] <<< [apiv2][body] GET https://firebase.googleapis.com/v1beta1/projects/spa-portfolio-b5831 {"projectId":"spa-portfolio-b5831","projectNumber":"1087839661118","displayName":"spa-portfolio","name":"projects/spa-portfolio-b5831","resources":{"hostingSite":"spa-portfolio-b5831"},"state":"ACTIVE","etag":"1_691ba32d-910f-4841-a73f-978d0f70abd8"}
[info] i  Using project spa-portfolio-b5831 (spa-portfolio) . 
[info] 
=== Hosting Setup
[debug] [2026-05-15T18:56:49.944Z] Checked if tokens are valid: true, expires at: 1778874996645
[debug] [2026-05-15T18:56:49.945Z] Checked if tokens are valid: true, expires at: 1778874996645
[debug] [2026-05-15T18:56:49.945Z] >>> [apiv2][query] GET https://firebase.googleapis.com/v1beta1/projects/spa-portfolio-b5831 [none]
[debug] [2026-05-15T18:56:50.537Z] <<< [apiv2][status] GET https://firebase.googleapis.com/v1beta1/projects/spa-portfolio-b5831 200
[debug] [2026-05-15T18:56:50.537Z] <<< [apiv2][body] GET https://firebase.googleapis.com/v1beta1/projects/spa-portfolio-b5831 {"projectId":"spa-portfolio-b5831","projectNumber":"1087839661118","displayName":"spa-portfolio","name":"projects/spa-portfolio-b5831","resources":{"hostingSite":"spa-portfolio-b5831"},"state":"ACTIVE","etag":"1_691ba32d-910f-4841-a73f-978d0f70abd8"}
[info] 
[info] Your public directory is the folder (relative to your project directory) that
[info] will contain Hosting assets to be uploaded with firebase deploy. If you
[info] have a build process for your assets, use your build's output directory.
[info] 
[debug] [2026-05-15T18:59:35.761Z] >>> [apiv2][query] GET https://www.gstatic.com/firebasejs/releases.json [none]
[debug] [2026-05-15T18:59:36.281Z] <<< [apiv2][status] GET https://www.gstatic.com/firebasejs/releases.json 200
[debug] [2026-05-15T18:59:36.282Z] <<< [apiv2][body] GET https://www.gstatic.com/firebasejs/releases.json {"current":{"version":"12.13.0","browserURL":"https://www.gstatic.com/firebasejs/12.13.0/firebase.js","packageURL":"https://www.gstatic.com/firebasejs/12.13.0/firebase.tgz"},"live":{"version":"12.13","browserURL":"https://www.gstatic.com/firebasejs/live/12.13/firebase.js","packageURL":"https://www.gstatic.com/firebasejs/live/12.13/firebase.tgz"},"components":{"ai":"https://www.gstatic.com/firebasejs/12.13.0/firebase-ai.js","analytics":"https://www.gstatic.com/firebasejs/12.13.0/firebase-analytics.js","app":"https://www.gstatic.com/firebasejs/12.13.0/firebase-app.js","app-check":"https://www.gstatic.com/firebasejs/12.13.0/firebase-app-check.js","auth":"https://www.gstatic.com/firebasejs/12.13.0/firebase-auth.js","auth/cordova":"https://www.gstatic.com/firebasejs/12.13.0/firebase-auth/cordova.js","auth/web-extension":"https://www.gstatic.com/firebasejs/12.13.0/firebase-auth/web-extension.js","functions":"https://www.gstatic.com/firebasejs/12.13.0/firebase-functions.js","firestore":"https://www.gstatic.com/firebasejs/12.13.0/firebase-firestore.js","firestore/lite":"https://www.gstatic.com/firebasejs/12.13.0/firebase-firestore/lite.js","firestore/pipelines":"https://www.gstatic.com/firebasejs/12.13.0/firebase-firestore/pipelines.js","firestore/lite/pipelines":"https://www.gstatic.com/firebasejs/12.13.0/firebase-firestore/lite/pipelines.js","installations":"https://www.gstatic.com/firebasejs/12.13.0/firebase-installations.js","storage":"https://www.gstatic.com/firebasejs/12.13.0/firebase-storage.js","performance":"https://www.gstatic.com/firebasejs/12.13.0/firebase-performance.js","remote-config":"https://www.gstatic.com/firebasejs/12.13.0/firebase-remote-config.js","messaging":"https://www.gstatic.com/firebasejs/12.13.0/firebase-messaging.js","messaging/sw":"https://www.gstatic.com/firebasejs/12.13.0/firebase-messaging/sw.js","database":"https://www.gstatic.com/firebasejs/12.13.0/firebase-database.js","data-connect":"https://www.gstatic.com/firebasejs/12.13.0/firebase-data-connect.js","firestore.memory":"https://www.gstatic.com/firebasejs/12.13.0/firebase-firestore.memory.js"}}
[info] ✔  Wrote dist/index.html 
[info] 
=== Agent Skills Setup
[info] If you are using an AI coding agent, Firebase Agent Skills make it an expert at Firebase.
